SF:lib/domain/usecases/search_series.dart
DA:8,1
DA:10,1
DA:11,2
LF:3
LH:3
end_of_record
SF:lib/presentation/bloc/search_series_state.dart
DA:4,7
DA:14,1
DA:19,1
DA:20,1
DA:21,2
DA:22,2
DA:25,1
DA:26,4
LF:8
LH:8
end_of_record
SF:lib/presentation/bloc/search_series_event.dart
DA:4,2
DA:6,0
DA:7,0
DA:11,2
DA:15,0
DA:16,0
LF:6
LH:2
end_of_record
SF:lib/presentation/bloc/search_series_bloc.dart
DA:12,2
DA:13,2
DA:14,4
DA:15,1
DA:16,2
DA:18,1
DA:19,2
DA:20,2
DA:21,1
DA:22,2
DA:24,2
DA:25,2
DA:26,2
DA:29,1
DA:33,1
DA:34,3
LF:16
LH:16
end_of_record
SF:lib/presentation/pages/search_series_page.dart
DA:10,1
DA:12,1
DA:14,1
DA:15,1
DA:18,1
DA:20,1
DA:22,1
DA:23,1
DA:24,1
DA:25,3
DA:34,1
DA:36,1
DA:38,1
DA:39,1
DA:40,2
DA:41,2
DA:47,2
DA:48,1
DA:49,1
DA:51,2
DA:62,1
DA:63,1
DA:64,1
DA:66,1
DA:67,2
DA:68,1
DA:70,1
LF:27
LH:27
end_of_record
