SF:lib/presentation/bloc/change_list_to_show_bloc.dart
DA:9,2
DA:10,2
DA:11,4
LF:3
LH:3
end_of_record
SF:lib/presentation/bloc/change_list_to_show_event.dart
DA:4,1
DA:6,0
DA:7,0
LF:3
LH:1
end_of_record
SF:lib/presentation/bloc/change_list_to_show_state.dart
DA:6,5
DA:8,1
DA:9,2
LF:3
LH:3
end_of_record
SF:lib/common/constants.dart
DA:15,0
DA:16,0
DA:17,3
DA:19,0
DA:21,0
DA:25,0
DA:26,0
DA:27,0
DA:28,0
DA:29,0
LF:10
LH:1
end_of_record
SF:lib/common/exception.dart
DA:6,0
LF:1
LH:0
end_of_record
SF:lib/common/failure.dart
DA:6,0
DA:8,0
DA:9,0
DA:13,0
DA:17,0
DA:21,0
LF:6
LH:0
end_of_record
SF:lib/common/firebase_options.dart
DA:18,0
DA:20,0
DA:25,0
DA:26,0
DA:28,0
DA:30,0
DA:31,0
DA:35,0
DA:36,0
DA:40,0
DA:41,0
DA:46,0
LF:12
LH:0
end_of_record
SF:lib/common/utils.dart
DA:3,0
LF:1
LH:0
end_of_record
SF:lib/data/datasources/db/database_helper.dart
DA:9,0
DA:13,0
DA:17,0
DA:18,0
DA:25,0
DA:26,0
DA:27,0
DA:29,0
DA:33,0
DA:34,0
DA:41,0
DA:42,0
DA:49,0
DA:52,0
DA:53,0
DA:54,0
DA:57,0
DA:58,0
DA:59,0
DA:62,0
DA:63,0
DA:64,0
DA:67,0
DA:71,0
DA:72,0
DA:73,0
DA:76,0
DA:80,0
DA:81,0
DA:82,0
DA:85,0
DA:88,0
DA:89,0
DA:95,0
DA:96,0
DA:98,0
DA:100,0
DA:101,0
DA:107,0
DA:108,0
DA:109,0
DA:114,0
DA:115,0
DA:117,0
LF:44
LH:0
end_of_record
SF:lib/data/models/genre_model.dart
DA:5,0
DA:13,0
DA:14,0
DA:15,0
DA:18,0
DA:19,0
DA:20,0
DA:23,0
DA:24,0
DA:27,0
DA:28,0
LF:11
LH:0
end_of_record
SF:lib/domain/entities/genre.dart
DA:4,1
DA:12,0
DA:13,0
LF:3
LH:1
end_of_record
SF:lib/presentation/pages/about_page.dart
DA:7,0
DA:9,0
DA:10,0
DA:11,0
DA:12,0
DA:13,0
DA:14,0
DA:15,0
DA:17,0
DA:18,0
DA:25,0
DA:26,0
DA:38,0
DA:39,0
DA:40,0
LF:15
LH:0
end_of_record
SF:lib/presentation/pages/home_page.dart
DA:9,1
DA:11,1
DA:13,1
DA:14,1
DA:15,1
DA:16,1
DA:17,1
DA:18,1
DA:26,1
DA:28,1
DA:30,0
DA:31,0
DA:32,0
DA:35,0
DA:37,0
DA:43,0
DA:46,1
DA:48,1
DA:50,0
DA:51,0
DA:52,0
DA:55,0
DA:56,0
DA:62,0
DA:65,1
DA:68,0
DA:69,0
DA:70,0
DA:74,0
DA:78,1
DA:79,0
DA:80,0
DA:88,1
DA:90,2
DA:91,1
DA:92,1
DA:93,0
DA:94,0
DA:95,0
DA:98,0
DA:104,1
DA:106,1
DA:107,2
LF:43
LH:21
end_of_record
SF:lib/presentation/providers/change_list_to_show_notifier.dart
DA:5,0
DA:8,0
DA:10,0
DA:11,0
DA:12,0
DA:13,0
DA:16,0
DA:17,0
DA:18,0
DA:19,0
LF:10
LH:0
end_of_record
