SF:lib/domain/usecases/get_watchlist_series.dart
DA:8,1
DA:10,1
DA:11,2
LF:3
LH:3
end_of_record
SF:lib/presentation/bloc/on_the_air_series_event.dart
DA:4,49
DA:6,0
DA:7,0
DA:11,49
DA:13,0
DA:14,0
LF:6
LH:2
end_of_record
SF:lib/presentation/bloc/on_the_air_series_bloc.dart
DA:11,1
DA:12,1
DA:13,2
DA:14,4
DA:16,2
DA:18,1
DA:19,2
DA:20,2
DA:21,1
DA:22,2
DA:25,2
DA:26,2
DA:27,2
LF:13
LH:13
end_of_record
SF:lib/presentation/bloc/on_the_air_series_state.dart
DA:6,31
DA:15,1
DA:20,1
DA:21,1
DA:22,2
DA:23,2
DA:27,1
DA:28,4
LF:8
LH:8
end_of_record
SF:lib/data/datasources/series_local_data_source.dart
DA:12,1
DA:16,1
DA:18,2
DA:20,1
DA:25,1
DA:27,2
DA:28,4
DA:31,1
DA:34,2
DA:37,2
DA:41,1
DA:44,2
DA:47,2
LF:13
LH:13
end_of_record
SF:lib/data/datasources/series_remote_data_source.dart
DA:20,1
DA:24,1
DA:27,4
DA:29,2
DA:30,4
DA:32,1
DA:36,1
DA:39,4
DA:41,2
DA:42,4
DA:44,1
DA:48,1
DA:50,4
DA:52,2
DA:53,3
DA:55,1
DA:59,1
DA:61,1
DA:62,3
DA:64,2
DA:65,4
DA:67,1
DA:71,1
DA:74,4
DA:76,2
DA:77,4
DA:79,1
DA:83,1
DA:85,1
DA:86,3
DA:88,2
DA:89,4
DA:91,1
LF:33
LH:33
end_of_record
SF:lib/data/models/episode_to_air_model.dart
DA:5,3
DA:29,1
DA:30,1
DA:31,1
DA:32,1
DA:33,1
DA:34,1
DA:35,1
DA:36,1
DA:37,1
DA:38,1
DA:39,2
DA:40,2
DA:43,0
DA:44,0
DA:45,0
DA:46,0
DA:47,0
DA:48,0
DA:49,0
DA:50,0
DA:51,0
DA:52,0
DA:53,0
DA:56,4
DA:57,2
DA:58,2
DA:59,2
DA:60,2
DA:61,2
DA:62,2
DA:63,2
DA:64,2
DA:65,2
DA:66,2
DA:68,0
DA:69,0
DA:70,0
DA:71,0
DA:72,0
DA:73,0
DA:74,0
DA:75,0
DA:76,0
DA:77,0
DA:78,0
DA:79,0
LF:47
LH:24
end_of_record
SF:lib/data/models/season_model.dart
DA:5,3
DA:23,2
DA:24,1
DA:25,1
DA:26,1
DA:27,1
DA:28,1
DA:29,1
DA:30,1
DA:33,0
DA:34,0
DA:35,0
DA:36,0
DA:37,0
DA:38,0
DA:39,0
DA:40,0
DA:43,4
DA:44,2
DA:45,2
DA:46,2
DA:47,2
DA:48,2
DA:49,2
DA:50,2
DA:53,1
DA:54,1
DA:55,1
DA:56,1
DA:57,1
DA:58,1
DA:59,1
DA:60,1
DA:61,1
LF:34
LH:26
end_of_record
SF:lib/data/models/series_detail_model.dart
DA:6,2
DA:62,1
DA:63,1
DA:64,1
DA:65,4
DA:66,1
DA:67,1
DA:68,4
DA:69,1
DA:70,1
DA:71,1
DA:72,4
DA:73,1
DA:74,1
DA:76,2
DA:77,1
DA:79,0
DA:80,1
DA:81,1
DA:82,1
DA:83,4
DA:84,1
DA:85,1
DA:86,1
DA:87,2
DA:88,1
DA:89,1
DA:90,1
DA:91,1
DA:92,2
DA:93,1
DA:94,1
DA:95,4
DA:98,0
DA:99,0
DA:100,0
DA:101,0
DA:102,0
DA:103,0
DA:104,0
DA:105,0
DA:106,0
DA:107,0
DA:108,0
DA:109,0
DA:110,0
DA:111,0
DA:112,0
DA:113,0
DA:114,0
DA:115,0
DA:116,0
DA:117,0
DA:118,0
DA:119,0
DA:120,0
DA:121,0
DA:122,0
DA:123,0
DA:124,0
DA:127,1
DA:128,1
DA:129,1
DA:130,5
DA:131,1
DA:132,1
DA:133,1
DA:134,1
DA:135,1
DA:136,1
DA:137,1
DA:138,1
DA:140,3
DA:142,3
DA:143,1
DA:144,1
DA:145,1
DA:146,5
DA:150,1
DA:151,1
DA:152,1
DA:153,1
DA:154,1
DA:155,1
DA:156,1
DA:157,1
DA:158,1
DA:159,1
DA:160,1
DA:161,1
DA:162,1
DA:163,1
DA:164,1
DA:165,1
DA:166,1
DA:167,1
DA:168,1
DA:169,1
DA:170,1
DA:171,1
DA:172,1
DA:173,1
DA:174,1
DA:175,1
LF:104
LH:76
end_of_record
SF:lib/data/models/series_model.dart
DA:5,5
DA:31,4
DA:32,2
DA:33,8
DA:34,2
DA:35,2
DA:36,2
DA:37,4
DA:38,2
DA:39,2
DA:40,2
DA:41,4
DA:42,2
DA:44,2
DA:45,1
DA:46,4
DA:47,1
DA:48,1
DA:49,1
DA:50,1
DA:51,1
DA:52,1
DA:53,1
DA:54,1
DA:55,1
DA:58,2
DA:59,2
DA:60,2
DA:61,2
DA:62,2
DA:63,2
DA:64,2
DA:65,2
DA:66,2
DA:67,2
DA:68,2
DA:69,2
DA:70,2
DA:74,2
DA:75,2
DA:76,2
DA:77,2
DA:78,2
DA:79,2
DA:80,2
DA:81,2
DA:82,2
DA:83,2
DA:84,2
DA:85,2
DA:86,2
LF:51
LH:51
end_of_record
SF:lib/data/models/series_response.dart
DA:5,3
DA:9,4
DA:10,4
DA:11,6
DA:12,6
DA:14,0
DA:15,0
DA:17,1
DA:18,2
LF:9
LH:7
end_of_record
SF:lib/data/models/series_table.dart
DA:10,15
DA:17,2
DA:18,1
DA:19,1
DA:20,1
DA:21,1
DA:24,2
DA:25,1
DA:26,1
DA:27,1
DA:28,1
DA:31,0
DA:32,0
DA:33,0
DA:34,0
DA:35,0
DA:38,2
DA:39,1
DA:40,1
DA:41,1
DA:42,1
DA:45,2
DA:47,10
LF:23
LH:18
end_of_record
SF:lib/data/repositories/series_repository_impl.dart
DA:9,1
DA:18,1
DA:21,2
DA:22,5
DA:23,1
DA:24,2
DA:25,2
DA:26,0
DA:27,0
DA:28,0
DA:32,1
DA:35,2
DA:36,3
DA:37,1
DA:38,2
DA:39,2
DA:40,1
DA:41,2
DA:42,2
DA:46,1
DA:49,2
DA:50,5
DA:51,1
DA:52,2
DA:53,2
DA:54,1
DA:55,2
DA:56,2
DA:60,1
DA:63,2
DA:64,2
DA:65,1
DA:66,2
DA:67,2
DA:68,1
DA:69,2
DA:70,2
DA:74,1
DA:77,2
DA:78,5
DA:79,1
DA:80,2
DA:81,2
DA:82,1
DA:83,2
DA:84,2
DA:88,1
DA:90,2
DA:91,5
DA:94,1
DA:96,2
DA:100,1
DA:104,3
DA:105,1
DA:106,1
DA:107,2
DA:108,3
DA:112,1
DA:116,3
DA:117,1
DA:118,1
DA:119,2
DA:120,3
DA:122,0
DA:127,1
DA:130,2
DA:131,5
DA:132,1
DA:133,2
DA:134,2
DA:135,1
DA:136,2
DA:137,2
LF:73
LH:69
end_of_record
SF:lib/domain/entities/episode_to_air.dart
DA:4,17
DA:28,1
DA:29,1
DA:30,1
DA:31,1
DA:32,1
DA:33,1
DA:34,1
DA:35,1
DA:36,1
DA:37,1
DA:38,1
DA:39,1
LF:13
LH:13
end_of_record
SF:lib/domain/entities/last_episode_to_air.dart
DA:4,0
DA:28,0
DA:29,0
DA:30,0
DA:31,0
DA:32,0
DA:33,0
DA:34,0
DA:35,0
DA:36,0
DA:37,0
DA:38,0
DA:39,0
LF:13
LH:0
end_of_record
SF:lib/domain/entities/season.dart
DA:4,17
DA:22,2
DA:23,2
DA:24,2
DA:25,2
DA:26,2
DA:27,2
DA:28,2
DA:29,2
DA:30,2
LF:10
LH:10
end_of_record
SF:lib/domain/entities/series.dart
DA:4,12
DA:18,1
DA:37,6
DA:38,6
DA:39,6
DA:40,6
DA:41,6
DA:42,6
DA:43,6
DA:44,6
DA:45,6
DA:46,6
DA:47,6
DA:48,6
DA:49,6
LF:15
LH:15
end_of_record
SF:lib/domain/entities/series_detail.dart
DA:6,15
DA:42,1
DA:43,1
DA:44,1
DA:45,1
DA:46,1
DA:47,1
DA:48,1
DA:49,1
DA:50,1
DA:51,1
DA:52,1
DA:53,1
DA:54,1
LF:14
LH:14
end_of_record
SF:lib/domain/usecases/get_on_the_air_series.dart
DA:8,1
DA:10,1
DA:11,2
LF:3
LH:3
end_of_record
SF:lib/domain/usecases/get_popular_series.dart
DA:8,1
DA:10,1
DA:11,2
LF:3
LH:3
end_of_record
SF:lib/domain/usecases/get_series_recommendations.dart
DA:8,1
DA:10,1
DA:11,2
LF:3
LH:3
end_of_record
SF:lib/domain/usecases/get_top_rated_series.dart
DA:8,1
DA:10,1
DA:11,2
LF:3
LH:3
end_of_record
SF:lib/domain/usecases/get_watchlist_series_status.dart
DA:6,1
DA:8,1
DA:9,2
LF:3
LH:3
end_of_record
SF:lib/domain/usecases/remove_watchlist_series.dart
DA:8,1
DA:10,1
DA:11,2
LF:3
LH:3
end_of_record
SF:lib/domain/usecases/save_watchlist_series.dart
DA:8,1
DA:10,1
DA:11,2
LF:3
LH:3
end_of_record
SF:lib/presentation/bloc/popular_series_bloc.dart
DA:12,1
DA:13,1
DA:14,2
DA:15,4
DA:17,2
DA:19,1
DA:20,2
DA:21,2
DA:22,1
DA:23,2
DA:25,2
DA:26,2
DA:27,2
LF:13
LH:13
end_of_record
SF:lib/presentation/bloc/popular_series_event.dart
DA:4,49
DA:6,0
DA:7,0
DA:11,49
DA:13,0
DA:14,0
LF:6
LH:2
end_of_record
SF:lib/presentation/bloc/popular_series_state.dart
DA:4,31
DA:14,1
DA:19,1
DA:20,1
DA:21,2
DA:22,2
DA:26,1
DA:27,4
LF:8
LH:8
end_of_record
SF:lib/presentation/bloc/top_rated_series_bloc.dart
DA:11,1
DA:12,1
DA:13,2
DA:14,4
DA:16,2
DA:18,1
DA:19,2
DA:20,2
DA:21,1
DA:22,2
DA:24,2
DA:25,2
DA:26,2
LF:13
LH:13
end_of_record
SF:lib/presentation/bloc/top_rated_series_event.dart
DA:4,49
DA:6,0
DA:7,0
DA:11,49
DA:13,0
DA:14,0
LF:6
LH:2
end_of_record
SF:lib/presentation/bloc/top_rated_series_state.dart
DA:4,31
DA:13,1
DA:18,1
DA:19,1
DA:20,2
DA:21,2
DA:24,1
DA:25,4
LF:8
LH:8
end_of_record
SF:lib/presentation/bloc/watchlist_series_event.dart
DA:4,25
DA:6,0
DA:7,0
DA:11,25
DA:13,0
DA:14,0
LF:6
LH:2
end_of_record
SF:lib/presentation/bloc/watchlist_series_bloc.dart
DA:13,1
DA:14,1
DA:15,2
DA:16,4
DA:18,2
DA:20,1
DA:21,2
DA:22,2
DA:23,1
DA:24,2
DA:26,4
DA:27,1
DA:28,1
LF:13
LH:13
end_of_record
SF:lib/presentation/bloc/watchlist_series_state.dart
DA:4,28
DA:14,1
DA:19,1
DA:20,1
DA:21,2
DA:22,2
DA:25,1
DA:26,4
LF:8
LH:8
end_of_record
SF:lib/presentation/pages/home_series_page.dart
DA:9,25
DA:11,1
DA:12,1
DA:16,1
DA:18,1
DA:19,3
DA:20,3
DA:21,3
DA:24,1
DA:26,1
DA:28,1
DA:29,1
DA:31,0
DA:32,0
DA:34,1
DA:35,1
DA:36,2
DA:37,2
DA:43,2
DA:44,1
DA:45,1
DA:50,2
DA:53,1
DA:55,0
DA:56,0
DA:58,1
DA:59,1
DA:60,2
DA:61,2
DA:67,2
DA:68,1
DA:69,1
DA:74,2
DA:77,1
DA:79,0
DA:80,0
DA:82,1
DA:83,1
DA:84,2
DA:85,2
DA:91,2
DA:92,1
DA:93,1
DA:98,2
DA:105,1
DA:106,1
DA:108,1
DA:109,1
DA:111,1
DA:113,1
DA:115,1
DA:117,1
DA:130,1
DA:132,1
DA:134,1
DA:136,1
DA:138,1
DA:139,2
DA:140,1
DA:142,1
DA:143,0
DA:144,0
DA:147,0
DA:150,1
DA:152,1
DA:153,2
DA:154,1
DA:157,0
DA:163,2
LF:69
LH:59
end_of_record
SF:lib/presentation/pages/on_the_air_series_page.dart
DA:10,2
DA:12,1
DA:13,1
DA:17,1
DA:19,1
DA:20,3
DA:23,1
DA:25,1
DA:26,1
DA:29,1
DA:31,1
DA:32,1
DA:33,2
DA:34,2
DA:39,2
DA:40,1
DA:42,2
DA:46,1
DA:47,1
DA:48,2
DA:49,1
DA:51,2
LF:22
LH:22
end_of_record
SF:lib/presentation/pages/popular_series_page.dart
DA:10,2
DA:12,1
DA:13,1
DA:17,1
DA:19,1
DA:20,3
DA:23,1
DA:25,1
DA:26,1
DA:29,1
DA:31,1
DA:32,1
DA:33,2
DA:34,2
DA:39,2
DA:40,1
DA:42,2
DA:46,1
DA:47,1
DA:48,2
DA:49,1
DA:51,2
LF:22
LH:22
end_of_record
SF:lib/presentation/pages/season_detail_page.dart
DA:9,0
DA:13,0
DA:15,0
DA:16,0
DA:17,0
DA:18,0
DA:19,0
DA:20,0
DA:21,0
DA:23,0
DA:26,0
DA:28,0
DA:30,0
DA:31,0
DA:32,0
DA:43,0
DA:44,0
DA:45,0
DA:47,0
DA:49,0
DA:51,0
DA:52,0
DA:53,0
DA:54,0
DA:59,0
DA:60,0
DA:65,0
DA:67,0
DA:69,0
DA:71,0
DA:72,0
DA:81,0
DA:83,0
DA:98,0
DA:100,0
DA:103,0
DA:105,0
DA:106,0
LF:38
LH:0
end_of_record
SF:lib/presentation/pages/top_rated_series_page.dart
DA:11,2
DA:13,1
DA:14,1
DA:18,1
DA:20,1
DA:21,3
DA:24,1
DA:26,1
DA:27,1
DA:30,1
DA:32,1
DA:33,1
DA:34,2
DA:35,2
DA:40,2
DA:41,1
DA:43,2
DA:47,1
DA:48,1
DA:49,2
DA:50,1
DA:52,2
LF:22
LH:22
end_of_record
SF:lib/presentation/pages/watchlist_series_page.dart
DA:9,1
DA:11,1
DA:12,1
DA:17,1
DA:19,1
DA:20,3
DA:23,1
DA:25,1
DA:26,4
DA:29,0
DA:31,0
DA:32,0
DA:35,1
DA:37,1
DA:38,1
DA:41,1
DA:43,1
DA:44,1
DA:45,2
DA:46,2
DA:51,2
DA:52,1
DA:54,2
DA:62,1
DA:63,1
DA:64,2
DA:65,1
DA:67,2
LF:28
LH:25
end_of_record
SF:lib/presentation/widgets/series_card_list.dart
DA:9,8
DA:13,4
DA:15,4
DA:17,4
DA:18,0
DA:19,0
DA:22,0
DA:25,4
DA:27,4
DA:28,4
DA:29,4
DA:35,4
DA:37,4
DA:38,4
DA:39,8
DA:42,4
DA:45,4
DA:46,8
DA:54,4
DA:59,4
DA:61,4
DA:62,12
DA:64,4
DA:67,0
LF:24
LH:20
end_of_record
