SF:lib/domain/usecases/search_movies.dart
DA:8,1
DA:10,1
DA:11,2
LF:3
LH:3
end_of_record
SF:lib/presentation/pages/search_page.dart
DA:10,1
DA:12,1
DA:13,1
DA:16,1
DA:18,1
DA:20,1
DA:21,1
DA:22,1
DA:23,3
DA:32,1
DA:34,1
DA:36,1
DA:37,1
DA:38,2
DA:39,2
DA:45,2
DA:46,1
DA:47,1
DA:49,2
DA:60,1
DA:61,1
DA:62,1
DA:64,1
DA:65,2
DA:66,1
DA:68,1
LF:26
LH:26
end_of_record
SF:lib/presentation/bloc/movies_search_event.dart
DA:4,2
DA:6,0
DA:7,0
DA:11,2
DA:15,0
DA:16,0
LF:6
LH:2
end_of_record
SF:lib/presentation/bloc/movies_search_bloc.dart
DA:12,2
DA:13,2
DA:14,4
DA:15,1
DA:16,2
DA:18,1
DA:19,2
DA:20,2
DA:21,1
DA:22,2
DA:24,2
DA:25,2
DA:26,1
DA:27,1
DA:30,1
DA:34,1
DA:35,3
LF:17
LH:17
end_of_record
SF:lib/presentation/bloc/movies_search_state.dart
DA:6,7
DA:16,1
DA:21,1
DA:22,1
DA:23,2
DA:24,2
DA:28,1
DA:29,4
LF:8
LH:8
end_of_record
