SF:lib/domain/usecases/get_series_detail.dart
DA:8,1
DA:10,1
DA:11,2
LF:3
LH:3
end_of_record
SF:lib/presentation/bloc/save_watchlist_series_event.dart
DA:4,3
DA:6,0
DA:7,0
DA:11,2
DA:15,0
DA:16,0
DA:20,1
DA:24,0
DA:25,0
DA:29,2
DA:33,0
DA:34,0
LF:12
LH:4
end_of_record
SF:lib/presentation/bloc/save_watchlist_series_state.dart
DA:4,8
DA:18,1
DA:25,1
DA:26,1
DA:28,1
DA:29,1
DA:30,2
DA:32,2
DA:33,2
DA:37,1
DA:39,5
LF:11
LH:11
end_of_record
SF:lib/presentation/bloc/save_watchlist_series_bloc.dart
DA:13,1
DA:15,1
DA:16,2
DA:17,4
DA:18,1
DA:19,2
DA:21,2
DA:22,3
DA:23,1
DA:24,2
DA:25,2
DA:26,1
DA:28,3
DA:29,3
DA:30,1
DA:31,1
DA:32,1
DA:33,1
DA:37,2
DA:38,4
DA:39,1
DA:40,2
DA:42,2
DA:43,3
DA:44,1
DA:45,2
DA:46,2
DA:47,1
DA:49,3
DA:50,3
DA:51,1
DA:52,1
DA:53,1
DA:54,1
DA:58,2
DA:59,1
DA:60,2
DA:62,3
DA:63,1
DA:64,1
LF:40
LH:40
end_of_record
SF:lib/presentation/bloc/series_detail_state.dart
DA:4,8
DA:13,1
DA:18,1
DA:19,1
DA:20,2
DA:21,2
DA:24,1
DA:25,4
LF:8
LH:8
end_of_record
SF:lib/presentation/bloc/series_detail_bloc.dart
DA:11,2
DA:12,2
DA:13,4
DA:14,1
DA:15,2
DA:17,1
DA:18,2
DA:19,2
DA:20,1
DA:21,2
DA:23,2
DA:24,2
DA:25,2
LF:13
LH:13
end_of_record
SF:lib/presentation/bloc/series_detail_event.dart
DA:4,2
DA:6,0
DA:7,0
DA:11,2
DA:15,0
DA:16,0
LF:6
LH:2
end_of_record
SF:lib/presentation/bloc/series_recommendations_event.dart
DA:4,2
DA:6,0
DA:7,0
DA:11,2
DA:15,0
DA:16,0
LF:6
LH:2
end_of_record
SF:lib/presentation/bloc/series_recommendations_state.dart
DA:4,8
DA:14,1
DA:19,1
DA:20,1
DA:21,2
DA:22,2
DA:25,1
DA:26,4
LF:8
LH:8
end_of_record
SF:lib/presentation/bloc/series_recommendations_bloc.dart
DA:13,1
DA:14,1
DA:15,2
DA:16,4
DA:17,1
DA:18,2
DA:20,1
DA:21,2
DA:22,2
DA:23,1
DA:24,2
DA:26,2
DA:27,2
DA:28,2
LF:14
LH:14
end_of_record
SF:lib/presentation/pages/series_detail_page.dart
DA:14,1
DA:18,1
DA:19,1
DA:23,1
DA:25,1
DA:26,6
DA:27,1
DA:28,1
DA:29,4
DA:30,1
DA:31,1
DA:32,4
DA:35,1
DA:37,1
DA:38,1
DA:39,1
DA:40,2
DA:41,1
DA:42,1
DA:43,1
DA:48,0
DA:53,0
DA:55,0
DA:66,1
DA:68,1
DA:70,3
DA:71,1
DA:72,1
DA:73,1
DA:74,3
DA:76,1
DA:79,0
DA:81,1
DA:83,1
DA:84,1
DA:85,1
DA:95,1
DA:96,1
DA:97,1
DA:99,1
DA:101,1
DA:103,1
DA:104,1
DA:105,2
DA:106,1
DA:108,1
DA:110,1
DA:111,3
DA:112,2
DA:113,1
DA:115,1
DA:116,1
DA:117,2
DA:121,3
DA:122,2
DA:123,2
DA:124,3
DA:127,1
DA:129,1
DA:131,1
DA:132,1
DA:133,1
DA:136,1
DA:137,3
DA:140,0
DA:141,0
DA:142,0
DA:145,1
DA:147,1
DA:158,1
DA:159,3
DA:161,1
DA:162,5
DA:164,1
DA:165,1
DA:166,1
DA:167,3
DA:169,1
DA:175,4
DA:179,1
DA:181,1
DA:183,1
DA:184,2
DA:189,1
DA:191,1
DA:193,1
DA:195,1
DA:196,2
DA:197,0
DA:202,0
DA:203,0
DA:204,0
DA:205,0
DA:211,1
DA:213,1
DA:215,1
DA:216,2
DA:217,1
DA:219,1
DA:220,0
DA:221,0
DA:224,0
DA:227,1
DA:232,1
DA:234,2
DA:235,1
DA:241,0
DA:248,2
DA:254,1
DA:256,1
DA:258,1
DA:260,1
DA:262,1
DA:263,3
DA:264,1
DA:266,1
DA:267,0
DA:270,1
DA:274,1
DA:276,1
DA:278,2
DA:279,1
DA:285,0
DA:292,3
DA:298,1
DA:300,1
DA:305,2
DA:306,1
DA:307,2
DA:309,1
DA:312,1
DA:314,1
DA:316,1
DA:319,2
DA:320,1
DA:321,2
DA:327,1
DA:329,1
DA:344,1
DA:346,1
DA:349,1
DA:351,0
DA:352,0
DA:361,1
DA:363,2
DA:364,3
DA:367,1
DA:371,3
DA:376,1
DA:379,1
DA:383,1
DA:385,3
DA:386,1
DA:389,1
DA:390,2
DA:395,1
DA:399,1
DA:401,3
DA:403,1
DA:406,0
DA:409,1
DA:410,2
DA:411,1
DA:413,1
DA:414,5
DA:416,4
DA:417,1
DA:418,1
DA:419,1
DA:420,3
DA:422,1
DA:428,4
DA:432,1
DA:434,1
DA:436,1
DA:437,2
LF:176
LH:155
end_of_record
