SF:lib/domain/usecases/get_movie_detail.dart
DA:8,1
DA:10,1
DA:11,2
LF:3
LH:3
end_of_record
SF:lib/presentation/pages/movie_detail_page.dart
DA:16,1
DA:18,1
DA:19,1
DA:23,1
DA:25,1
DA:26,6
DA:27,1
DA:28,1
DA:29,4
DA:30,6
DA:33,1
DA:35,1
DA:36,1
DA:37,1
DA:38,2
DA:39,1
DA:40,1
DA:41,1
DA:46,0
DA:51,0
DA:53,0
DA:64,1
DA:66,1
DA:68,3
DA:70,1
DA:71,1
DA:72,1
DA:73,3
DA:75,1
DA:78,0
DA:80,1
DA:82,1
DA:83,1
DA:84,1
DA:94,1
DA:95,1
DA:96,1
DA:98,1
DA:100,1
DA:102,1
DA:103,1
DA:104,2
DA:105,1
DA:107,1
DA:108,1
DA:109,3
DA:110,2
DA:111,1
DA:113,1
DA:114,1
DA:115,2
DA:119,3
DA:120,2
DA:121,2
DA:122,3
DA:125,1
DA:127,1
DA:129,1
DA:130,1
DA:132,1
DA:135,1
DA:136,3
DA:139,0
DA:140,0
DA:143,1
DA:145,1
DA:156,1
DA:157,3
DA:159,1
DA:160,3
DA:162,1
DA:163,1
DA:164,1
DA:165,3
DA:167,1
DA:173,4
DA:177,1
DA:179,1
DA:181,1
DA:182,2
DA:185,1
DA:187,1
DA:189,1
DA:191,1
DA:192,2
DA:193,0
DA:199,0
DA:200,0
DA:201,0
DA:202,0
DA:208,1
DA:210,1
DA:212,1
DA:213,2
DA:214,1
DA:216,1
DA:217,0
DA:218,0
DA:221,0
DA:224,1
DA:229,1
DA:231,2
DA:232,1
DA:238,0
DA:245,2
DA:254,1
DA:256,1
DA:271,1
DA:273,1
DA:276,1
DA:278,0
DA:279,0
DA:288,1
DA:290,2
DA:291,3
DA:294,1
DA:298,3
DA:301,1
DA:302,1
DA:303,1
DA:305,1
DA:306,1
DA:308,0
LF:123
LH:105
end_of_record
SF:lib/presentation/bloc/movies_detail_event.dart
DA:4,2
DA:6,0
DA:7,0
DA:11,2
DA:15,0
DA:16,0
LF:6
LH:2
end_of_record
SF:lib/presentation/bloc/movies_detail_bloc.dart
DA:12,2
DA:13,2
DA:14,4
DA:15,1
DA:16,2
DA:18,1
DA:19,2
DA:20,2
DA:21,1
DA:22,2
DA:24,2
DA:25,2
DA:26,2
LF:13
LH:13
end_of_record
SF:lib/presentation/bloc/movies_detail_state.dart
DA:6,8
DA:16,1
DA:21,1
DA:22,1
DA:23,2
DA:24,2
DA:28,1
DA:29,4
LF:8
LH:8
end_of_record
SF:lib/presentation/bloc/movies_recommendations_event.dart
DA:4,2
DA:6,0
DA:7,0
DA:11,2
DA:15,0
DA:16,0
LF:6
LH:2
end_of_record
SF:lib/presentation/bloc/movies_recommendations_state.dart
DA:4,8
DA:14,1
DA:19,1
DA:20,1
DA:21,2
DA:22,2
DA:26,1
DA:27,4
LF:8
LH:8
end_of_record
SF:lib/presentation/bloc/movies_recommendations_bloc.dart
DA:13,1
DA:14,1
DA:15,2
DA:16,4
DA:17,1
DA:18,2
DA:20,1
DA:21,2
DA:22,2
DA:23,1
DA:24,2
DA:26,2
DA:27,2
DA:28,2
LF:14
LH:14
end_of_record
SF:lib/presentation/bloc/save_watchlist_state.dart
DA:4,8
DA:18,1
DA:25,1
DA:26,1
DA:28,1
DA:29,1
DA:30,2
DA:32,2
DA:33,2
DA:37,1
DA:39,5
LF:11
LH:11
end_of_record
SF:lib/presentation/bloc/save_watchlist_event.dart
DA:4,3
DA:6,0
DA:7,0
DA:11,2
DA:15,0
DA:16,0
DA:20,1
DA:24,0
DA:25,0
DA:29,2
DA:33,0
DA:34,0
LF:12
LH:4
end_of_record
SF:lib/presentation/bloc/save_watchlist_bloc.dart
DA:14,1
DA:16,1
DA:17,2
DA:18,4
DA:19,1
DA:20,2
DA:22,2
DA:23,3
DA:24,1
DA:25,2
DA:26,2
DA:27,1
DA:28,3
DA:29,3
DA:30,1
DA:31,1
DA:32,1
DA:33,1
DA:37,2
DA:38,4
DA:39,1
DA:40,2
DA:42,2
DA:43,3
DA:44,1
DA:45,2
DA:46,2
DA:47,1
DA:48,3
DA:49,3
DA:50,1
DA:51,1
DA:52,1
DA:53,1
DA:57,2
DA:58,1
DA:59,2
DA:61,3
DA:62,1
DA:63,1
LF:40
LH:40
end_of_record
