SF:./tv_series/series_core/lib/domain/usecases/get_watchlist_series.dart
DA:8,1
DA:10,1
DA:11,2
LF:3
LH:3
end_of_record
SF:./tv_series/series_core/lib/presentation/bloc/on_the_air_series_event.dart
DA:4,49
DA:6,0
DA:7,0
DA:11,49
DA:13,0
DA:14,0
LF:6
LH:2
end_of_record
SF:./tv_series/series_core/lib/presentation/bloc/on_the_air_series_bloc.dart
DA:11,1
DA:12,1
DA:13,2
DA:14,4
DA:16,2
DA:18,1
DA:19,2
DA:20,2
DA:21,1
DA:22,2
DA:25,2
DA:26,2
DA:27,2
LF:13
LH:13
end_of_record
SF:./tv_series/series_core/lib/presentation/bloc/on_the_air_series_state.dart
DA:6,31
DA:15,1
DA:20,1
DA:21,1
DA:22,2
DA:23,2
DA:27,1
DA:28,4
LF:8
LH:8
end_of_record
SF:./tv_series/series_core/lib/data/datasources/series_local_data_source.dart
DA:12,1
DA:16,1
DA:18,2
DA:20,1
DA:25,1
DA:27,2
DA:28,4
DA:31,1
DA:34,2
DA:37,2
DA:41,1
DA:44,2
DA:47,2
LF:13
LH:13
end_of_record
SF:./tv_series/series_core/lib/data/datasources/series_remote_data_source.dart
DA:20,1
DA:24,1
DA:27,4
DA:29,2
DA:30,4
DA:32,1
DA:36,1
DA:39,4
DA:41,2
DA:42,4
DA:44,1
DA:48,1
DA:50,4
DA:52,2
DA:53,3
DA:55,1
DA:59,1
DA:61,1
DA:62,3
DA:64,2
DA:65,4
DA:67,1
DA:71,1
DA:74,4
DA:76,2
DA:77,4
DA:79,1
DA:83,1
DA:85,1
DA:86,3
DA:88,2
DA:89,4
DA:91,1
LF:33
LH:33
end_of_record
SF:./tv_series/series_core/lib/data/models/episode_to_air_model.dart
DA:5,3
DA:29,1
DA:30,1
DA:31,1
DA:32,1
DA:33,1
DA:34,1
DA:35,1
DA:36,1
DA:37,1
DA:38,1
DA:39,2
DA:40,2
DA:43,0
DA:44,0
DA:45,0
DA:46,0
DA:47,0
DA:48,0
DA:49,0
DA:50,0
DA:51,0
DA:52,0
DA:53,0
DA:56,4
DA:57,2
DA:58,2
DA:59,2
DA:60,2
DA:61,2
DA:62,2
DA:63,2
DA:64,2
DA:65,2
DA:66,2
DA:68,0
DA:69,0
DA:70,0
DA:71,0
DA:72,0
DA:73,0
DA:74,0
DA:75,0
DA:76,0
DA:77,0
DA:78,0
DA:79,0
LF:47
LH:24
end_of_record
SF:./tv_series/series_core/lib/data/models/season_model.dart
DA:5,3
DA:23,2
DA:24,1
DA:25,1
DA:26,1
DA:27,1
DA:28,1
DA:29,1
DA:30,1
DA:33,0
DA:34,0
DA:35,0
DA:36,0
DA:37,0
DA:38,0
DA:39,0
DA:40,0
DA:43,4
DA:44,2
DA:45,2
DA:46,2
DA:47,2
DA:48,2
DA:49,2
DA:50,2
DA:53,1
DA:54,1
DA:55,1
DA:56,1
DA:57,1
DA:58,1
DA:59,1
DA:60,1
DA:61,1
LF:34
LH:26
end_of_record
SF:./tv_series/series_core/lib/data/models/series_detail_model.dart
DA:6,2
DA:62,1
DA:63,1
DA:64,1
DA:65,4
DA:66,1
DA:67,1
DA:68,4
DA:69,1
DA:70,1
DA:71,1
DA:72,4
DA:73,1
DA:74,1
DA:76,2
DA:77,1
DA:79,0
DA:80,1
DA:81,1
DA:82,1
DA:83,4
DA:84,1
DA:85,1
DA:86,1
DA:87,2
DA:88,1
DA:89,1
DA:90,1
DA:91,1
DA:92,2
DA:93,1
DA:94,1
DA:95,4
DA:98,0
DA:99,0
DA:100,0
DA:101,0
DA:102,0
DA:103,0
DA:104,0
DA:105,0
DA:106,0
DA:107,0
DA:108,0
DA:109,0
DA:110,0
DA:111,0
DA:112,0
DA:113,0
DA:114,0
DA:115,0
DA:116,0
DA:117,0
DA:118,0
DA:119,0
DA:120,0
DA:121,0
DA:122,0
DA:123,0
DA:124,0
DA:127,1
DA:128,1
DA:129,1
DA:130,5
DA:131,1
DA:132,1
DA:133,1
DA:134,1
DA:135,1
DA:136,1
DA:137,1
DA:138,1
DA:140,3
DA:142,3
DA:143,1
DA:144,1
DA:145,1
DA:146,5
DA:150,1
DA:151,1
DA:152,1
DA:153,1
DA:154,1
DA:155,1
DA:156,1
DA:157,1
DA:158,1
DA:159,1
DA:160,1
DA:161,1
DA:162,1
DA:163,1
DA:164,1
DA:165,1
DA:166,1
DA:167,1
DA:168,1
DA:169,1
DA:170,1
DA:171,1
DA:172,1
DA:173,1
DA:174,1
DA:175,1
LF:104
LH:76
end_of_record
SF:./tv_series/series_core/lib/data/models/series_model.dart
DA:5,5
DA:31,4
DA:32,2
DA:33,8
DA:34,2
DA:35,2
DA:36,2
DA:37,4
DA:38,2
DA:39,2
DA:40,2
DA:41,4
DA:42,2
DA:44,2
DA:45,1
DA:46,4
DA:47,1
DA:48,1
DA:49,1
DA:50,1
DA:51,1
DA:52,1
DA:53,1
DA:54,1
DA:55,1
DA:58,2
DA:59,2
DA:60,2
DA:61,2
DA:62,2
DA:63,2
DA:64,2
DA:65,2
DA:66,2
DA:67,2
DA:68,2
DA:69,2
DA:70,2
DA:74,2
DA:75,2
DA:76,2
DA:77,2
DA:78,2
DA:79,2
DA:80,2
DA:81,2
DA:82,2
DA:83,2
DA:84,2
DA:85,2
DA:86,2
LF:51
LH:51
end_of_record
SF:./tv_series/series_core/lib/data/models/series_response.dart
DA:5,3
DA:9,4
DA:10,4
DA:11,6
DA:12,6
DA:14,0
DA:15,0
DA:17,1
DA:18,2
LF:9
LH:7
end_of_record
SF:./tv_series/series_core/lib/data/models/series_table.dart
DA:10,15
DA:17,2
DA:18,1
DA:19,1
DA:20,1
DA:21,1
DA:24,2
DA:25,1
DA:26,1
DA:27,1
DA:28,1
DA:31,0
DA:32,0
DA:33,0
DA:34,0
DA:35,0
DA:38,2
DA:39,1
DA:40,1
DA:41,1
DA:42,1
DA:45,2
DA:47,10
LF:23
LH:18
end_of_record
SF:./tv_series/series_core/lib/data/repositories/series_repository_impl.dart
DA:9,1
DA:18,1
DA:21,2
DA:22,5
DA:23,1
DA:24,2
DA:25,2
DA:26,0
DA:27,0
DA:28,0
DA:32,1
DA:35,2
DA:36,3
DA:37,1
DA:38,2
DA:39,2
DA:40,1
DA:41,2
DA:42,2
DA:46,1
DA:49,2
DA:50,5
DA:51,1
DA:52,2
DA:53,2
DA:54,1
DA:55,2
DA:56,2
DA:60,1
DA:63,2
DA:64,2
DA:65,1
DA:66,2
DA:67,2
DA:68,1
DA:69,2
DA:70,2
DA:74,1
DA:77,2
DA:78,5
DA:79,1
DA:80,2
DA:81,2
DA:82,1
DA:83,2
DA:84,2
DA:88,1
DA:90,2
DA:91,5
DA:94,1
DA:96,2
DA:100,1
DA:104,3
DA:105,1
DA:106,1
DA:107,2
DA:108,3
DA:112,1
DA:116,3
DA:117,1
DA:118,1
DA:119,2
DA:120,3
DA:122,0
DA:127,1
DA:130,2
DA:131,5
DA:132,1
DA:133,2
DA:134,2
DA:135,1
DA:136,2
DA:137,2
LF:73
LH:69
end_of_record
SF:./tv_series/series_core/lib/domain/entities/episode_to_air.dart
DA:4,17
DA:28,1
DA:29,1
DA:30,1
DA:31,1
DA:32,1
DA:33,1
DA:34,1
DA:35,1
DA:36,1
DA:37,1
DA:38,1
DA:39,1
LF:13
LH:13
end_of_record
SF:./tv_series/series_core/lib/domain/entities/last_episode_to_air.dart
DA:4,0
DA:28,0
DA:29,0
DA:30,0
DA:31,0
DA:32,0
DA:33,0
DA:34,0
DA:35,0
DA:36,0
DA:37,0
DA:38,0
DA:39,0
LF:13
LH:0
end_of_record
SF:./tv_series/series_core/lib/domain/entities/season.dart
DA:4,17
DA:22,2
DA:23,2
DA:24,2
DA:25,2
DA:26,2
DA:27,2
DA:28,2
DA:29,2
DA:30,2
LF:10
LH:10
end_of_record
SF:./tv_series/series_core/lib/domain/entities/series.dart
DA:4,12
DA:18,1
DA:37,6
DA:38,6
DA:39,6
DA:40,6
DA:41,6
DA:42,6
DA:43,6
DA:44,6
DA:45,6
DA:46,6
DA:47,6
DA:48,6
DA:49,6
LF:15
LH:15
end_of_record
SF:./tv_series/series_core/lib/domain/entities/series_detail.dart
DA:6,15
DA:42,1
DA:43,1
DA:44,1
DA:45,1
DA:46,1
DA:47,1
DA:48,1
DA:49,1
DA:50,1
DA:51,1
DA:52,1
DA:53,1
DA:54,1
LF:14
LH:14
end_of_record
SF:./tv_series/series_core/lib/domain/usecases/get_on_the_air_series.dart
DA:8,1
DA:10,1
DA:11,2
LF:3
LH:3
end_of_record
SF:./tv_series/series_core/lib/domain/usecases/get_popular_series.dart
DA:8,1
DA:10,1
DA:11,2
LF:3
LH:3
end_of_record
SF:./tv_series/series_core/lib/domain/usecases/get_series_recommendations.dart
DA:8,1
DA:10,1
DA:11,2
LF:3
LH:3
end_of_record
SF:./tv_series/series_core/lib/domain/usecases/get_top_rated_series.dart
DA:8,1
DA:10,1
DA:11,2
LF:3
LH:3
end_of_record
SF:./tv_series/series_core/lib/domain/usecases/get_watchlist_series_status.dart
DA:6,1
DA:8,1
DA:9,2
LF:3
LH:3
end_of_record
SF:./tv_series/series_core/lib/domain/usecases/remove_watchlist_series.dart
DA:8,1
DA:10,1
DA:11,2
LF:3
LH:3
end_of_record
SF:./tv_series/series_core/lib/domain/usecases/save_watchlist_series.dart
DA:8,1
DA:10,1
DA:11,2
LF:3
LH:3
end_of_record
SF:./tv_series/series_core/lib/presentation/bloc/popular_series_bloc.dart
DA:12,1
DA:13,1
DA:14,2
DA:15,4
DA:17,2
DA:19,1
DA:20,2
DA:21,2
DA:22,1
DA:23,2
DA:25,2
DA:26,2
DA:27,2
LF:13
LH:13
end_of_record
SF:./tv_series/series_core/lib/presentation/bloc/popular_series_event.dart
DA:4,49
DA:6,0
DA:7,0
DA:11,49
DA:13,0
DA:14,0
LF:6
LH:2
end_of_record
SF:./tv_series/series_core/lib/presentation/bloc/popular_series_state.dart
DA:4,31
DA:14,1
DA:19,1
DA:20,1
DA:21,2
DA:22,2
DA:26,1
DA:27,4
LF:8
LH:8
end_of_record
SF:./tv_series/series_core/lib/presentation/bloc/top_rated_series_bloc.dart
DA:11,1
DA:12,1
DA:13,2
DA:14,4
DA:16,2
DA:18,1
DA:19,2
DA:20,2
DA:21,1
DA:22,2
DA:24,2
DA:25,2
DA:26,2
LF:13
LH:13
end_of_record
SF:./tv_series/series_core/lib/presentation/bloc/top_rated_series_event.dart
DA:4,49
DA:6,0
DA:7,0
DA:11,49
DA:13,0
DA:14,0
LF:6
LH:2
end_of_record
SF:./tv_series/series_core/lib/presentation/bloc/top_rated_series_state.dart
DA:4,31
DA:13,1
DA:18,1
DA:19,1
DA:20,2
DA:21,2
DA:24,1
DA:25,4
LF:8
LH:8
end_of_record
SF:./tv_series/series_core/lib/presentation/bloc/watchlist_series_event.dart
DA:4,25
DA:6,0
DA:7,0
DA:11,25
DA:13,0
DA:14,0
LF:6
LH:2
end_of_record
SF:./tv_series/series_core/lib/presentation/bloc/watchlist_series_bloc.dart
DA:13,1
DA:14,1
DA:15,2
DA:16,4
DA:18,2
DA:20,1
DA:21,2
DA:22,2
DA:23,1
DA:24,2
DA:26,4
DA:27,1
DA:28,1
LF:13
LH:13
end_of_record
SF:./tv_series/series_core/lib/presentation/bloc/watchlist_series_state.dart
DA:4,28
DA:14,1
DA:19,1
DA:20,1
DA:21,2
DA:22,2
DA:25,1
DA:26,4
LF:8
LH:8
end_of_record
SF:./tv_series/series_core/lib/presentation/pages/home_series_page.dart
DA:9,25
DA:11,1
DA:12,1
DA:16,1
DA:18,1
DA:19,3
DA:20,3
DA:21,3
DA:24,1
DA:26,1
DA:28,1
DA:29,1
DA:31,0
DA:32,0
DA:34,1
DA:35,1
DA:36,2
DA:37,2
DA:43,2
DA:44,1
DA:45,1
DA:50,2
DA:53,1
DA:55,0
DA:56,0
DA:58,1
DA:59,1
DA:60,2
DA:61,2
DA:67,2
DA:68,1
DA:69,1
DA:74,2
DA:77,1
DA:79,0
DA:80,0
DA:82,1
DA:83,1
DA:84,2
DA:85,2
DA:91,2
DA:92,1
DA:93,1
DA:98,2
DA:105,1
DA:106,1
DA:108,1
DA:109,1
DA:111,1
DA:113,1
DA:115,1
DA:117,1
DA:130,1
DA:132,1
DA:134,1
DA:136,1
DA:138,1
DA:139,2
DA:140,1
DA:142,1
DA:143,0
DA:144,0
DA:147,0
DA:150,1
DA:152,1
DA:153,2
DA:154,1
DA:157,0
DA:163,2
LF:69
LH:59
end_of_record
SF:./tv_series/series_core/lib/presentation/pages/on_the_air_series_page.dart
DA:10,2
DA:12,1
DA:13,1
DA:17,1
DA:19,1
DA:20,3
DA:23,1
DA:25,1
DA:26,1
DA:29,1
DA:31,1
DA:32,1
DA:33,2
DA:34,2
DA:39,2
DA:40,1
DA:42,2
DA:46,1
DA:47,1
DA:48,2
DA:49,1
DA:51,2
LF:22
LH:22
end_of_record
SF:./tv_series/series_core/lib/presentation/pages/popular_series_page.dart
DA:10,2
DA:12,1
DA:13,1
DA:17,1
DA:19,1
DA:20,3
DA:23,1
DA:25,1
DA:26,1
DA:29,1
DA:31,1
DA:32,1
DA:33,2
DA:34,2
DA:39,2
DA:40,1
DA:42,2
DA:46,1
DA:47,1
DA:48,2
DA:49,1
DA:51,2
LF:22
LH:22
end_of_record
SF:./tv_series/series_core/lib/presentation/pages/season_detail_page.dart
DA:9,0
DA:13,0
DA:15,0
DA:16,0
DA:17,0
DA:18,0
DA:19,0
DA:20,0
DA:21,0
DA:23,0
DA:26,0
DA:28,0
DA:30,0
DA:31,0
DA:32,0
DA:43,0
DA:44,0
DA:45,0
DA:47,0
DA:49,0
DA:51,0
DA:52,0
DA:53,0
DA:54,0
DA:59,0
DA:60,0
DA:65,0
DA:67,0
DA:69,0
DA:71,0
DA:72,0
DA:81,0
DA:83,0
DA:98,0
DA:100,0
DA:103,0
DA:105,0
DA:106,0
LF:38
LH:0
end_of_record
SF:./tv_series/series_core/lib/presentation/pages/top_rated_series_page.dart
DA:11,2
DA:13,1
DA:14,1
DA:18,1
DA:20,1
DA:21,3
DA:24,1
DA:26,1
DA:27,1
DA:30,1
DA:32,1
DA:33,1
DA:34,2
DA:35,2
DA:40,2
DA:41,1
DA:43,2
DA:47,1
DA:48,1
DA:49,2
DA:50,1
DA:52,2
LF:22
LH:22
end_of_record
SF:./tv_series/series_core/lib/presentation/pages/watchlist_series_page.dart
DA:9,1
DA:11,1
DA:12,1
DA:17,1
DA:19,1
DA:20,3
DA:23,1
DA:25,1
DA:26,4
DA:29,0
DA:31,0
DA:32,0
DA:35,1
DA:37,1
DA:38,1
DA:41,1
DA:43,1
DA:44,1
DA:45,2
DA:46,2
DA:51,2
DA:52,1
DA:54,2
DA:62,1
DA:63,1
DA:64,2
DA:65,1
DA:67,2
LF:28
LH:25
end_of_record
SF:./tv_series/series_core/lib/presentation/widgets/series_card_list.dart
DA:9,8
DA:13,4
DA:15,4
DA:17,4
DA:18,0
DA:19,0
DA:22,0
DA:25,4
DA:27,4
DA:28,4
DA:29,4
DA:35,4
DA:37,4
DA:38,4
DA:39,8
DA:42,4
DA:45,4
DA:46,8
DA:54,4
DA:59,4
DA:61,4
DA:62,12
DA:64,4
DA:67,0
LF:24
LH:20
end_of_record
SF:./tv_series/series_detail/lib/domain/usecases/get_series_detail.dart
DA:8,1
DA:10,1
DA:11,2
LF:3
LH:3
end_of_record
SF:./tv_series/series_detail/lib/presentation/bloc/save_watchlist_series_event.dart
DA:4,3
DA:6,0
DA:7,0
DA:11,2
DA:15,0
DA:16,0
DA:20,1
DA:24,0
DA:25,0
DA:29,2
DA:33,0
DA:34,0
LF:12
LH:4
end_of_record
SF:./tv_series/series_detail/lib/presentation/bloc/save_watchlist_series_state.dart
DA:4,8
DA:18,1
DA:25,1
DA:26,1
DA:28,1
DA:29,1
DA:30,2
DA:32,2
DA:33,2
DA:37,1
DA:39,5
LF:11
LH:11
end_of_record
SF:./tv_series/series_detail/lib/presentation/bloc/save_watchlist_series_bloc.dart
DA:13,1
DA:15,1
DA:16,2
DA:17,4
DA:18,1
DA:19,2
DA:21,2
DA:22,3
DA:23,1
DA:24,2
DA:25,2
DA:26,1
DA:28,3
DA:29,3
DA:30,1
DA:31,1
DA:32,1
DA:33,1
DA:37,2
DA:38,4
DA:39,1
DA:40,2
DA:42,2
DA:43,3
DA:44,1
DA:45,2
DA:46,2
DA:47,1
DA:49,3
DA:50,3
DA:51,1
DA:52,1
DA:53,1
DA:54,1
DA:58,2
DA:59,1
DA:60,2
DA:62,3
DA:63,1
DA:64,1
LF:40
LH:40
end_of_record
SF:./tv_series/series_detail/lib/presentation/bloc/series_detail_state.dart
DA:4,8
DA:13,1
DA:18,1
DA:19,1
DA:20,2
DA:21,2
DA:24,1
DA:25,4
LF:8
LH:8
end_of_record
SF:./tv_series/series_detail/lib/presentation/bloc/series_detail_bloc.dart
DA:11,2
DA:12,2
DA:13,4
DA:14,1
DA:15,2
DA:17,1
DA:18,2
DA:19,2
DA:20,1
DA:21,2
DA:23,2
DA:24,2
DA:25,2
LF:13
LH:13
end_of_record
SF:./tv_series/series_detail/lib/presentation/bloc/series_detail_event.dart
DA:4,2
DA:6,0
DA:7,0
DA:11,2
DA:15,0
DA:16,0
LF:6
LH:2
end_of_record
SF:./tv_series/series_detail/lib/presentation/bloc/series_recommendations_event.dart
DA:4,2
DA:6,0
DA:7,0
DA:11,2
DA:15,0
DA:16,0
LF:6
LH:2
end_of_record
SF:./tv_series/series_detail/lib/presentation/bloc/series_recommendations_state.dart
DA:4,8
DA:14,1
DA:19,1
DA:20,1
DA:21,2
DA:22,2
DA:25,1
DA:26,4
LF:8
LH:8
end_of_record
SF:./tv_series/series_detail/lib/presentation/bloc/series_recommendations_bloc.dart
DA:13,1
DA:14,1
DA:15,2
DA:16,4
DA:17,1
DA:18,2
DA:20,1
DA:21,2
DA:22,2
DA:23,1
DA:24,2
DA:26,2
DA:27,2
DA:28,2
LF:14
LH:14
end_of_record
SF:./tv_series/series_detail/lib/presentation/pages/series_detail_page.dart
DA:14,1
DA:18,1
DA:19,1
DA:23,1
DA:25,1
DA:26,6
DA:27,1
DA:28,1
DA:29,4
DA:30,1
DA:31,1
DA:32,4
DA:35,1
DA:37,1
DA:38,1
DA:39,1
DA:40,2
DA:41,1
DA:42,1
DA:43,1
DA:48,0
DA:53,0
DA:55,0
DA:66,1
DA:68,1
DA:70,3
DA:71,1
DA:72,1
DA:73,1
DA:74,3
DA:76,1
DA:79,0
DA:81,1
DA:83,1
DA:84,1
DA:85,1
DA:95,1
DA:96,1
DA:97,1
DA:99,1
DA:101,1
DA:103,1
DA:104,1
DA:105,2
DA:106,1
DA:108,1
DA:110,1
DA:111,3
DA:112,2
DA:113,1
DA:115,1
DA:116,1
DA:117,2
DA:121,3
DA:122,2
DA:123,2
DA:124,3
DA:127,1
DA:129,1
DA:131,1
DA:132,1
DA:133,1
DA:136,1
DA:137,3
DA:140,0
DA:141,0
DA:142,0
DA:145,1
DA:147,1
DA:158,1
DA:159,3
DA:161,1
DA:162,5
DA:164,1
DA:165,1
DA:166,1
DA:167,3
DA:169,1
DA:175,4
DA:179,1
DA:181,1
DA:183,1
DA:184,2
DA:189,1
DA:191,1
DA:193,1
DA:195,1
DA:196,2
DA:197,0
DA:202,0
DA:203,0
DA:204,0
DA:205,0
DA:211,1
DA:213,1
DA:215,1
DA:216,2
DA:217,1
DA:219,1
DA:220,0
DA:221,0
DA:224,0
DA:227,1
DA:232,1
DA:234,2
DA:235,1
DA:241,0
DA:248,2
DA:254,1
DA:256,1
DA:258,1
DA:260,1
DA:262,1
DA:263,3
DA:264,1
DA:266,1
DA:267,0
DA:270,1
DA:274,1
DA:276,1
DA:278,2
DA:279,1
DA:285,0
DA:292,3
DA:298,1
DA:300,1
DA:305,2
DA:306,1
DA:307,2
DA:309,1
DA:312,1
DA:314,1
DA:316,1
DA:319,2
DA:320,1
DA:321,2
DA:327,1
DA:329,1
DA:344,1
DA:346,1
DA:349,1
DA:351,0
DA:352,0
DA:361,1
DA:363,2
DA:364,3
DA:367,1
DA:371,3
DA:376,1
DA:379,1
DA:383,1
DA:385,3
DA:386,1
DA:389,1
DA:390,2
DA:395,1
DA:399,1
DA:401,3
DA:403,1
DA:406,0
DA:409,1
DA:410,2
DA:411,1
DA:413,1
DA:414,5
DA:416,4
DA:417,1
DA:418,1
DA:419,1
DA:420,3
DA:422,1
DA:428,4
DA:432,1
DA:434,1
DA:436,1
DA:437,2
LF:176
LH:155
end_of_record
SF:./tv_series/series_search/lib/domain/usecases/search_series.dart
DA:8,1
DA:10,1
DA:11,2
LF:3
LH:3
end_of_record
SF:./tv_series/series_search/lib/presentation/bloc/search_series_state.dart
DA:4,7
DA:14,1
DA:19,1
DA:20,1
DA:21,2
DA:22,2
DA:25,1
DA:26,4
LF:8
LH:8
end_of_record
SF:./tv_series/series_search/lib/presentation/bloc/search_series_event.dart
DA:4,2
DA:6,0
DA:7,0
DA:11,2
DA:15,0
DA:16,0
LF:6
LH:2
end_of_record
SF:./tv_series/series_search/lib/presentation/bloc/search_series_bloc.dart
DA:12,2
DA:13,2
DA:14,4
DA:15,1
DA:16,2
DA:18,1
DA:19,2
DA:20,2
DA:21,1
DA:22,2
DA:24,2
DA:25,2
DA:26,2
DA:29,1
DA:33,1
DA:34,3
LF:16
LH:16
end_of_record
SF:./tv_series/series_search/lib/presentation/pages/search_series_page.dart
DA:10,1
DA:12,1
DA:14,1
DA:15,1
DA:18,1
DA:20,1
DA:22,1
DA:23,1
DA:24,1
DA:25,3
DA:34,1
DA:36,1
DA:38,1
DA:39,1
DA:40,2
DA:41,2
DA:47,2
DA:48,1
DA:49,1
DA:51,2
DA:62,1
DA:63,1
DA:64,1
DA:66,1
DA:67,2
DA:68,1
DA:70,1
LF:27
LH:27
end_of_record
SF:./movies/movies_search/lib/domain/usecases/search_movies.dart
DA:8,1
DA:10,1
DA:11,2
LF:3
LH:3
end_of_record
SF:./movies/movies_search/lib/presentation/pages/search_page.dart
DA:10,1
DA:12,1
DA:13,1
DA:16,1
DA:18,1
DA:20,1
DA:21,1
DA:22,1
DA:23,3
DA:32,1
DA:34,1
DA:36,1
DA:37,1
DA:38,2
DA:39,2
DA:45,2
DA:46,1
DA:47,1
DA:49,2
DA:60,1
DA:61,1
DA:62,1
DA:64,1
DA:65,2
DA:66,1
DA:68,1
LF:26
LH:26
end_of_record
SF:./movies/movies_search/lib/presentation/bloc/movies_search_event.dart
DA:4,2
DA:6,0
DA:7,0
DA:11,2
DA:15,0
DA:16,0
LF:6
LH:2
end_of_record
SF:./movies/movies_search/lib/presentation/bloc/movies_search_bloc.dart
DA:12,2
DA:13,2
DA:14,4
DA:15,1
DA:16,2
DA:18,1
DA:19,2
DA:20,2
DA:21,1
DA:22,2
DA:24,2
DA:25,2
DA:26,1
DA:27,1
DA:30,1
DA:34,1
DA:35,3
LF:17
LH:17
end_of_record
SF:./movies/movies_search/lib/presentation/bloc/movies_search_state.dart
DA:6,7
DA:16,1
DA:21,1
DA:22,1
DA:23,2
DA:24,2
DA:28,1
DA:29,4
LF:8
LH:8
end_of_record
SF:./movies/movies_detail/lib/domain/usecases/get_movie_detail.dart
DA:8,1
DA:10,1
DA:11,2
LF:3
LH:3
end_of_record
SF:./movies/movies_detail/lib/presentation/pages/movie_detail_page.dart
DA:16,1
DA:18,1
DA:19,1
DA:23,1
DA:25,1
DA:26,6
DA:27,1
DA:28,1
DA:29,4
DA:30,6
DA:33,1
DA:35,1
DA:36,1
DA:37,1
DA:38,2
DA:39,1
DA:40,1
DA:41,1
DA:46,0
DA:51,0
DA:53,0
DA:64,1
DA:66,1
DA:68,3
DA:70,1
DA:71,1
DA:72,1
DA:73,3
DA:75,1
DA:78,0
DA:80,1
DA:82,1
DA:83,1
DA:84,1
DA:94,1
DA:95,1
DA:96,1
DA:98,1
DA:100,1
DA:102,1
DA:103,1
DA:104,2
DA:105,1
DA:107,1
DA:108,1
DA:109,3
DA:110,2
DA:111,1
DA:113,1
DA:114,1
DA:115,2
DA:119,3
DA:120,2
DA:121,2
DA:122,3
DA:125,1
DA:127,1
DA:129,1
DA:130,1
DA:132,1
DA:135,1
DA:136,3
DA:139,0
DA:140,0
DA:143,1
DA:145,1
DA:156,1
DA:157,3
DA:159,1
DA:160,3
DA:162,1
DA:163,1
DA:164,1
DA:165,3
DA:167,1
DA:173,4
DA:177,1
DA:179,1
DA:181,1
DA:182,2
DA:185,1
DA:187,1
DA:189,1
DA:191,1
DA:192,2
DA:193,0
DA:199,0
DA:200,0
DA:201,0
DA:202,0
DA:208,1
DA:210,1
DA:212,1
DA:213,2
DA:214,1
DA:216,1
DA:217,0
DA:218,0
DA:221,0
DA:224,1
DA:229,1
DA:231,2
DA:232,1
DA:238,0
DA:245,2
DA:254,1
DA:256,1
DA:271,1
DA:273,1
DA:276,1
DA:278,0
DA:279,0
DA:288,1
DA:290,2
DA:291,3
DA:294,1
DA:298,3
DA:301,1
DA:302,1
DA:303,1
DA:305,1
DA:306,1
DA:308,0
LF:123
LH:105
end_of_record
SF:./movies/movies_detail/lib/presentation/bloc/movies_detail_event.dart
DA:4,2
DA:6,0
DA:7,0
DA:11,2
DA:15,0
DA:16,0
LF:6
LH:2
end_of_record
SF:./movies/movies_detail/lib/presentation/bloc/movies_detail_bloc.dart
DA:12,2
DA:13,2
DA:14,4
DA:15,1
DA:16,2
DA:18,1
DA:19,2
DA:20,2
DA:21,1
DA:22,2
DA:24,2
DA:25,2
DA:26,2
LF:13
LH:13
end_of_record
SF:./movies/movies_detail/lib/presentation/bloc/movies_detail_state.dart
DA:6,8
DA:16,1
DA:21,1
DA:22,1
DA:23,2
DA:24,2
DA:28,1
DA:29,4
LF:8
LH:8
end_of_record
SF:./movies/movies_detail/lib/presentation/bloc/movies_recommendations_event.dart
DA:4,2
DA:6,0
DA:7,0
DA:11,2
DA:15,0
DA:16,0
LF:6
LH:2
end_of_record
SF:./movies/movies_detail/lib/presentation/bloc/movies_recommendations_state.dart
DA:4,8
DA:14,1
DA:19,1
DA:20,1
DA:21,2
DA:22,2
DA:26,1
DA:27,4
LF:8
LH:8
end_of_record
SF:./movies/movies_detail/lib/presentation/bloc/movies_recommendations_bloc.dart
DA:13,1
DA:14,1
DA:15,2
DA:16,4
DA:17,1
DA:18,2
DA:20,1
DA:21,2
DA:22,2
DA:23,1
DA:24,2
DA:26,2
DA:27,2
DA:28,2
LF:14
LH:14
end_of_record
SF:./movies/movies_detail/lib/presentation/bloc/save_watchlist_state.dart
DA:4,8
DA:18,1
DA:25,1
DA:26,1
DA:28,1
DA:29,1
DA:30,2
DA:32,2
DA:33,2
DA:37,1
DA:39,5
LF:11
LH:11
end_of_record
SF:./movies/movies_detail/lib/presentation/bloc/save_watchlist_event.dart
DA:4,3
DA:6,0
DA:7,0
DA:11,2
DA:15,0
DA:16,0
DA:20,1
DA:24,0
DA:25,0
DA:29,2
DA:33,0
DA:34,0
LF:12
LH:4
end_of_record
SF:./movies/movies_detail/lib/presentation/bloc/save_watchlist_bloc.dart
DA:14,1
DA:16,1
DA:17,2
DA:18,4
DA:19,1
DA:20,2
DA:22,2
DA:23,3
DA:24,1
DA:25,2
DA:26,2
DA:27,1
DA:28,3
DA:29,3
DA:30,1
DA:31,1
DA:32,1
DA:33,1
DA:37,2
DA:38,4
DA:39,1
DA:40,2
DA:42,2
DA:43,3
DA:44,1
DA:45,2
DA:46,2
DA:47,1
DA:48,3
DA:49,3
DA:50,1
DA:51,1
DA:52,1
DA:53,1
DA:57,2
DA:58,1
DA:59,2
DA:61,3
DA:62,1
DA:63,1
LF:40
LH:40
end_of_record
SF:./movies/movies_core/lib/domain/usecases/get_now_playing_movies.dart
DA:8,1
DA:10,1
DA:11,2
LF:3
LH:3
end_of_record
SF:./movies/movies_core/lib/domain/usecases/get_popular_movies.dart
DA:8,1
DA:10,1
DA:11,2
LF:3
LH:3
end_of_record
SF:./movies/movies_core/lib/domain/usecases/get_top_rated_movies.dart
DA:8,1
DA:10,1
DA:11,2
LF:3
LH:3
end_of_record
SF:./movies/movies_core/lib/data/datasources/movie_local_data_source.dart
DA:14,1
DA:16,1
DA:19,2
DA:22,2
DA:26,1
DA:29,2
DA:32,2
DA:36,1
DA:38,2
DA:40,1
DA:46,1
DA:48,2
DA:49,4
LF:13
LH:13
end_of_record
SF:./movies/movies_core/lib/data/datasources/movie_remote_data_source.dart
DA:22,1
DA:24,1
DA:27,4
DA:29,2
DA:30,4
DA:32,1
DA:36,1
DA:39,4
DA:41,2
DA:42,3
DA:44,1
DA:48,1
DA:50,1
DA:51,3
DA:53,2
DA:54,4
DA:56,1
DA:60,1
DA:63,4
DA:65,2
DA:66,4
DA:68,1
DA:72,1
DA:75,4
DA:77,2
DA:78,4
DA:80,1
DA:84,1
DA:86,1
DA:87,3
DA:89,2
DA:90,4
DA:92,1
LF:33
LH:33
end_of_record
SF:./movies/movies_core/lib/data/models/movie_detail_model.dart
DA:6,2
DA:52,1
DA:53,1
DA:54,1
DA:55,1
DA:56,1
DA:57,1
DA:58,4
DA:59,1
DA:60,1
DA:61,1
DA:62,1
DA:63,1
DA:64,1
DA:65,2
DA:66,1
DA:67,1
DA:68,1
DA:69,1
DA:70,1
DA:71,1
DA:72,1
DA:73,1
DA:74,2
DA:75,1
DA:78,0
DA:79,0
DA:80,0
DA:81,0
DA:82,0
DA:83,0
DA:84,0
DA:85,0
DA:86,0
DA:87,0
DA:88,0
DA:89,0
DA:90,0
DA:91,0
DA:92,0
DA:93,0
DA:94,0
DA:95,0
DA:96,0
DA:97,0
DA:98,0
DA:99,0
DA:102,1
DA:103,1
DA:104,1
DA:105,1
DA:106,5
DA:107,1
DA:108,1
DA:109,1
DA:110,1
DA:111,1
DA:112,1
DA:113,1
DA:114,1
DA:115,1
DA:119,1
DA:121,1
DA:122,1
DA:123,1
DA:124,1
DA:125,1
DA:126,1
DA:127,1
DA:128,1
DA:129,1
DA:130,1
DA:131,1
DA:132,1
DA:133,1
DA:134,1
DA:135,1
DA:136,1
DA:137,1
DA:138,1
DA:139,1
DA:140,1
DA:141,1
DA:142,1
LF:84
LH:62
end_of_record
SF:./movies/movies_core/lib/data/models/movie_model.dart
DA:5,5
DA:35,4
DA:36,2
DA:37,2
DA:38,8
DA:39,2
DA:40,2
DA:41,2
DA:42,4
DA:43,2
DA:44,2
DA:45,2
DA:46,2
DA:47,4
DA:48,2
DA:51,2
DA:52,1
DA:53,1
DA:54,4
DA:55,1
DA:56,1
DA:57,1
DA:58,1
DA:59,1
DA:60,1
DA:61,1
DA:62,1
DA:63,1
DA:64,1
DA:67,2
DA:68,2
DA:69,2
DA:70,2
DA:71,2
DA:72,2
DA:73,2
DA:74,2
DA:75,2
DA:76,2
DA:77,2
DA:78,2
DA:79,2
DA:80,2
DA:81,2
DA:85,2
DA:86,2
DA:87,2
DA:88,2
DA:89,2
DA:90,2
DA:91,2
DA:92,2
DA:93,2
DA:94,2
DA:95,2
DA:96,2
DA:97,2
DA:98,2
DA:99,2
LF:59
LH:59
end_of_record
SF:./movies/movies_core/lib/data/models/movie_response.dart
DA:7,3
DA:9,4
DA:10,4
DA:11,6
DA:12,6
DA:15,2
DA:16,5
DA:19,1
DA:20,2
LF:9
LH:9
end_of_record
SF:./movies/movies_core/lib/data/models/movie_table.dart
DA:10,10
DA:17,2
DA:18,1
DA:19,1
DA:20,1
DA:21,1
DA:24,2
DA:25,1
DA:26,1
DA:27,1
DA:28,1
DA:31,0
DA:32,0
DA:33,0
DA:34,0
DA:35,0
DA:38,2
DA:39,1
DA:40,1
DA:41,1
DA:42,1
DA:45,2
DA:47,10
LF:23
LH:18
end_of_record
SF:./movies/movies_core/lib/data/repositories/movie_repository_impl.dart
DA:13,1
DA:19,1
DA:22,2
DA:23,5
DA:24,1
DA:25,2
DA:26,2
DA:27,1
DA:28,2
DA:29,2
DA:33,1
DA:36,2
DA:37,2
DA:38,1
DA:39,2
DA:40,2
DA:41,1
DA:42,2
DA:43,2
DA:47,1
DA:50,2
DA:51,3
DA:52,1
DA:53,2
DA:54,2
DA:55,1
DA:56,2
DA:57,2
DA:61,1
DA:64,2
DA:65,5
DA:66,1
DA:67,2
DA:68,2
DA:69,1
DA:70,2
DA:71,2
DA:75,1
DA:78,2
DA:79,5
DA:80,1
DA:81,2
DA:82,2
DA:83,1
DA:84,2
DA:85,2
DA:89,1
DA:92,2
DA:93,5
DA:94,1
DA:95,2
DA:96,2
DA:97,1
DA:98,2
DA:99,2
DA:103,1
DA:107,3
DA:108,1
DA:109,1
DA:110,2
DA:111,3
DA:113,0
DA:118,1
DA:122,3
DA:123,1
DA:124,1
DA:125,2
DA:126,3
DA:130,1
DA:132,2
DA:136,1
DA:138,2
DA:139,5
LF:73
LH:72
end_of_record
SF:./movies/movies_core/lib/domain/entities/movie.dart
DA:4,6
DA:20,2
DA:41,4
DA:42,4
DA:43,4
DA:44,4
DA:45,4
DA:46,4
DA:47,4
DA:48,4
DA:49,4
DA:50,4
DA:51,4
DA:52,4
DA:53,4
DA:54,4
DA:55,4
LF:17
LH:17
end_of_record
SF:./movies/movies_core/lib/domain/entities/movie_detail.dart
DA:5,9
DA:33,1
DA:34,1
DA:35,1
DA:36,1
DA:37,1
DA:38,1
DA:39,1
DA:40,1
DA:41,1
DA:42,1
DA:43,1
DA:44,1
DA:45,1
LF:14
LH:14
end_of_record
SF:./movies/movies_core/lib/domain/usecases/get_movie_recommendations.dart
DA:8,1
DA:10,1
DA:11,2
LF:3
LH:3
end_of_record
SF:./movies/movies_core/lib/domain/usecases/get_watchlist_movies.dart
DA:8,1
DA:10,1
DA:11,2
LF:3
LH:3
end_of_record
SF:./movies/movies_core/lib/domain/usecases/get_watchlist_status.dart
DA:6,1
DA:8,1
DA:9,2
LF:3
LH:3
end_of_record
SF:./movies/movies_core/lib/domain/usecases/remove_watchlist.dart
DA:8,1
DA:10,1
DA:11,2
LF:3
LH:3
end_of_record
SF:./movies/movies_core/lib/domain/usecases/save_watchlist.dart
DA:8,1
DA:10,1
DA:11,2
LF:3
LH:3
end_of_record
SF:./movies/movies_core/lib/presentation/pages/home_movie_page.dart
DA:9,1
DA:11,1
DA:12,1
DA:16,1
DA:18,1
DA:19,3
DA:20,3
DA:21,3
DA:24,1
DA:26,1
DA:29,1
DA:30,1
DA:32,1
DA:34,1
DA:35,1
DA:36,2
DA:37,2
DA:38,2
DA:40,2
DA:47,2
DA:50,1
DA:52,0
DA:53,0
DA:55,1
DA:56,1
DA:57,2
DA:58,2
DA:59,2
DA:61,2
DA:68,2
DA:71,1
DA:73,0
DA:74,0
DA:76,1
DA:77,1
DA:78,2
DA:79,2
DA:80,2
DA:82,2
DA:89,2
DA:96,1
DA:97,1
DA:99,1
DA:100,1
DA:102,1
DA:104,1
DA:106,1
DA:108,1
DA:121,1
DA:123,1
DA:125,1
DA:127,1
DA:129,1
DA:130,2
DA:131,1
DA:133,1
DA:134,0
DA:135,0
DA:138,0
DA:141,1
DA:143,1
DA:144,2
DA:145,1
DA:148,0
DA:154,2
LF:65
LH:57
end_of_record
SF:./movies/movies_core/lib/presentation/pages/popular_movies_page.dart
DA:8,1
DA:10,1
DA:11,1
DA:15,1
DA:17,1
DA:18,4
DA:21,1
DA:23,1
DA:24,1
DA:27,1
DA:29,1
DA:30,1
DA:31,2
DA:32,2
DA:33,1
DA:34,1
DA:38,2
DA:45,1
DA:46,2
DA:47,0
DA:48,0
DA:49,0
LF:22
LH:19
end_of_record
SF:./movies/movies_core/lib/presentation/pages/top_rated_movies_page.dart
DA:8,1
DA:9,1
DA:13,1
DA:15,1
DA:16,4
DA:19,1
DA:21,1
DA:22,1
DA:25,1
DA:27,1
DA:28,1
DA:29,2
DA:30,2
DA:31,1
DA:32,1
DA:36,2
DA:43,1
DA:44,2
DA:45,0
DA:46,0
DA:47,0
LF:21
LH:18
end_of_record
SF:./movies/movies_core/lib/presentation/pages/watchlist_movies_page.dart
DA:10,1
DA:11,1
DA:16,1
DA:18,1
DA:19,4
DA:22,1
DA:24,1
DA:25,4
DA:28,0
DA:30,0
DA:33,1
DA:35,1
DA:36,1
DA:39,1
DA:41,1
DA:42,1
DA:43,2
DA:44,2
DA:49,2
DA:50,1
DA:52,2
DA:61,1
DA:62,1
DA:63,2
DA:64,1
DA:66,2
DA:74,1
DA:76,2
DA:77,1
LF:29
LH:27
end_of_record
SF:./movies/movies_core/lib/presentation/bloc/movie_list_bloc.dart
DA:12,1
DA:13,1
DA:14,2
DA:15,4
DA:16,2
DA:18,1
DA:19,2
DA:20,2
DA:21,1
DA:22,2
DA:24,2
DA:25,1
DA:35,1
DA:36,1
DA:37,2
DA:38,4
DA:39,2
DA:41,1
DA:42,4
DA:43,1
DA:44,2
DA:45,4
DA:46,2
DA:54,1
DA:55,1
DA:56,2
DA:57,4
DA:58,2
DA:60,1
DA:61,2
DA:62,2
DA:63,1
DA:64,2
DA:66,2
DA:67,2
DA:68,2
LF:36
LH:36
end_of_record
SF:./movies/movies_core/lib/presentation/bloc/movie_list_state.dart
DA:6,23
DA:16,1
DA:21,1
DA:22,1
DA:23,1
DA:24,2
DA:28,1
DA:29,4
DA:33,24
DA:43,1
DA:48,1
DA:49,1
DA:50,2
DA:51,2
DA:55,1
DA:56,4
DA:60,24
DA:70,1
DA:75,1
DA:76,1
DA:77,2
DA:78,2
DA:82,1
DA:83,4
LF:24
LH:24
end_of_record
SF:./movies/movies_core/lib/presentation/bloc/movie_list_event.dart
DA:4,20
DA:6,0
DA:7,0
DA:11,21
DA:13,0
DA:14,0
DA:18,21
DA:20,0
DA:21,0
DA:25,20
DA:29,21
DA:33,21
LF:12
LH:6
end_of_record
SF:./movies/movies_core/lib/presentation/bloc/watchlist_movies_bloc.dart
DA:12,1
DA:13,1
DA:15,2
DA:16,4
DA:17,2
DA:19,1
DA:20,2
DA:21,2
DA:22,1
DA:23,2
DA:25,2
DA:26,2
DA:27,1
DA:28,1
LF:14
LH:14
end_of_record
SF:./movies/movies_core/lib/presentation/bloc/watchlist_movies_state.dart
DA:6,23
DA:16,1
DA:21,1
DA:22,1
DA:24,2
DA:25,2
DA:29,1
DA:30,4
LF:8
LH:8
end_of_record
SF:./movies/movies_core/lib/presentation/bloc/watchlist_movies_event.dart
DA:5,2
DA:7,0
DA:8,0
LF:3
LH:1
end_of_record
SF:./movies/movies_core/lib/presentation/widgets/movie_card_list.dart
DA:10,2
DA:12,1
DA:14,1
DA:16,1
DA:17,0
DA:18,0
DA:21,0
DA:24,1
DA:26,1
DA:27,1
DA:28,1
DA:34,1
DA:36,1
DA:37,1
DA:38,2
DA:41,1
DA:44,1
DA:45,2
DA:53,1
DA:58,1
DA:60,1
DA:61,3
DA:63,1
DA:66,0
LF:24
LH:20
end_of_record
SF:./core/lib/presentation/bloc/change_list_to_show_bloc.dart
DA:9,2
DA:10,2
DA:11,4
LF:3
LH:3
end_of_record
SF:./core/lib/presentation/bloc/change_list_to_show_event.dart
DA:4,1
DA:6,0
DA:7,0
LF:3
LH:1
end_of_record
SF:./core/lib/presentation/bloc/change_list_to_show_state.dart
DA:6,5
DA:8,1
DA:9,2
LF:3
LH:3
end_of_record
SF:./core/lib/common/constants.dart
DA:15,0
DA:16,0
DA:17,3
DA:19,0
DA:21,0
DA:25,0
DA:26,0
DA:27,0
DA:28,0
DA:29,0
LF:10
LH:1
end_of_record
SF:./core/lib/common/exception.dart
DA:6,0
LF:1
LH:0
end_of_record
SF:./core/lib/common/failure.dart
DA:6,0
DA:8,0
DA:9,0
DA:13,0
DA:17,0
DA:21,0
LF:6
LH:0
end_of_record
SF:./core/lib/common/firebase_options.dart
DA:18,0
DA:20,0
DA:25,0
DA:26,0
DA:28,0
DA:30,0
DA:31,0
DA:35,0
DA:36,0
DA:40,0
DA:41,0
DA:46,0
LF:12
LH:0
end_of_record
SF:./core/lib/common/utils.dart
DA:3,0
LF:1
LH:0
end_of_record
SF:./core/lib/data/datasources/db/database_helper.dart
DA:9,0
DA:13,0
DA:17,0
DA:18,0
DA:25,0
DA:26,0
DA:27,0
DA:29,0
DA:33,0
DA:34,0
DA:41,0
DA:42,0
DA:49,0
DA:52,0
DA:53,0
DA:54,0
DA:57,0
DA:58,0
DA:59,0
DA:62,0
DA:63,0
DA:64,0
DA:67,0
DA:71,0
DA:72,0
DA:73,0
DA:76,0
DA:80,0
DA:81,0
DA:82,0
DA:85,0
DA:88,0
DA:89,0
DA:95,0
DA:96,0
DA:98,0
DA:100,0
DA:101,0
DA:107,0
DA:108,0
DA:109,0
DA:114,0
DA:115,0
DA:117,0
LF:44
LH:0
end_of_record
SF:./core/lib/data/models/genre_model.dart
DA:5,0
DA:13,0
DA:14,0
DA:15,0
DA:18,0
DA:19,0
DA:20,0
DA:23,0
DA:24,0
DA:27,0
DA:28,0
LF:11
LH:0
end_of_record
SF:./core/lib/domain/entities/genre.dart
DA:4,1
DA:12,0
DA:13,0
LF:3
LH:1
end_of_record
SF:./core/lib/presentation/pages/about_page.dart
DA:7,0
DA:9,0
DA:10,0
DA:11,0
DA:12,0
DA:13,0
DA:14,0
DA:15,0
DA:17,0
DA:18,0
DA:25,0
DA:26,0
DA:38,0
DA:39,0
DA:40,0
LF:15
LH:0
end_of_record
SF:./core/lib/presentation/pages/home_page.dart
DA:9,1
DA:11,1
DA:13,1
DA:14,1
DA:15,1
DA:16,1
DA:17,1
DA:18,1
DA:26,1
DA:28,1
DA:30,0
DA:31,0
DA:32,0
DA:35,0
DA:37,0
DA:43,0
DA:46,1
DA:48,1
DA:50,0
DA:51,0
DA:52,0
DA:55,0
DA:56,0
DA:62,0
DA:65,1
DA:68,0
DA:69,0
DA:70,0
DA:74,0
DA:78,1
DA:79,0
DA:80,0
DA:88,1
DA:90,2
DA:91,1
DA:92,1
DA:93,0
DA:94,0
DA:95,0
DA:98,0
DA:104,1
DA:106,1
DA:107,2
LF:43
LH:21
end_of_record
SF:./core/lib/presentation/providers/change_list_to_show_notifier.dart
DA:5,0
DA:8,0
DA:10,0
DA:11,0
DA:12,0
DA:13,0
DA:16,0
DA:17,0
DA:18,0
DA:19,0
LF:10
LH:0
end_of_record
